INFO [2019-12-15 14:24:39] $x
INFO [2019-12-15 14:24:39] list(unlist(GENERA[1]), unlist(GENERA[2]), unlist(GENERA[3]), 
INFO [2019-12-15 14:24:39]     unlist(GENERA[4]))
INFO [2019-12-15 14:24:39] 
INFO [2019-12-15 14:24:39] $filename
INFO [2019-12-15 14:24:39] [1] "d2_locations-taxonomic_analysis-genus.tiff"
INFO [2019-12-15 14:24:39] 
INFO [2019-12-15 14:24:39] $category
INFO [2019-12-15 14:24:39] c("AW CH", "AW PP", "DAB CH", "DAB PP")
INFO [2019-12-15 14:24:39] 
INFO [2019-12-15 14:24:39] $fill
INFO [2019-12-15 14:24:39] c("orange", "orange4", "seagreen3", "seagreen4")
INFO [2019-12-15 14:24:39] 
INFO [2019-12-15 14:24:39] $main.fontface
INFO [2019-12-15 14:24:39] [1] "bold"
INFO [2019-12-15 14:24:39] 
INFO [2019-12-15 14:24:39] $cex
INFO [2019-12-15 14:24:39] [1] 4
INFO [2019-12-15 14:24:39] 
INFO [2019-12-15 14:24:39] $fontface
INFO [2019-12-15 14:24:39] [1] "bold"
INFO [2019-12-15 14:24:39] 
INFO [2019-12-15 14:24:39] $cat.col
INFO [2019-12-15 14:24:39] [1] "black"
INFO [2019-12-15 14:24:39] 
INFO [2019-12-15 14:24:39] $cat.cex
INFO [2019-12-15 14:24:39] [1] 2
INFO [2019-12-15 14:24:39] 
INFO [2019-12-15 14:24:39] $cat.fontface
INFO [2019-12-15 14:24:39] [1] "bold"
INFO [2019-12-15 14:24:39] 
INFO [2019-12-15 14:24:39] $cat.dis
INFO [2019-12-15 14:24:39] c(0.25, 0.25, 0.1, 0.1)
INFO [2019-12-15 14:24:39] 
INFO [2019-12-15 14:24:39] $cat.pos
INFO [2019-12-15 14:24:39] c(350, 10, 0, 0)
INFO [2019-12-15 14:24:39] 
